   -9.990000000  -31.349224687    0.998162755
   -9.890000000   -8.639675895    0.979842542
   -9.790000000   -5.680966256    0.961616449
   -9.690000000   -4.218007616    0.943483238
   -9.590000000   -3.280864164    0.925441657
   -9.490000000   -2.604684320    0.907490441
   -9.390000000   -2.082394805    0.889628309
   -9.290000000   -1.660942961    0.871853967
   -9.190000000   -1.310463550    0.854166103
   -9.090000000   -1.012590661    0.836563387
   -8.990000000   -0.755269865    0.819044475
   -8.890000000   -0.530182611    0.801608001
   -8.790000000   -0.331355180    0.784252582
   -8.690000000   -0.154356287    0.766976811
   -8.590000000    0.004190990    0.749779263
   -8.490000000    0.146919326    0.732658489
   -8.390000000    0.275921549    0.715613016
   -8.290000000    0.392889640    0.698641347
   -8.190000000    0.499211820    0.681741957
   -8.090000000    0.596041991    0.664913296
   -7.990000000    0.684350416    0.648153782
   -7.890000000    0.764961405    0.631461806
   -7.790000000    0.838581796    0.614835724
   -7.690000000    0.905822794    0.598273859
   -7.590000000    0.967216937    0.581774499
   -7.490000000    1.023231451    0.565335895
   -7.390000000    1.074278859    0.548956257
   -7.290000000    1.120725508    0.532633754
   -7.190000000    1.162898482    0.516366512
   -7.090000000    1.201091247    0.500152611
   -6.990000000    1.235568313    0.483990079
   -6.890000000    1.266569096    0.467876895
   -6.790000000    1.294311149    0.451810984
   -6.690000000    1.318992881    0.435790211
   -6.590000000    1.340795851    0.419812380
   -6.490000000    1.359886733    0.403875232
   -6.390000000    1.376418979    0.387976438
   -6.290000000    1.390534263    0.372113597
   -6.190000000    1.402363721    0.356284228
   -6.090000000    1.412029026    0.340485772
   -5.990000000    1.419643328    0.324715579
   -5.890000000    1.425312071    0.308970908
   -5.790000000    1.429133712    0.293248918
   -5.690000000    1.431200354    0.277546663
   -5.590000000    1.431598307    0.261861084
   -5.490000000    1.430408577    0.246189002
   -5.390000000    1.427707310    0.230527108
   -5.290000000    1.423566184    0.214871958
   -5.190000000    1.418052754    0.199219956
   -5.090000000    1.411230768    0.183567352
   -4.990000000    1.403160449    0.167910223
   -4.890000000    1.393898739    0.152244463
   -4.790000000    1.383499535    0.136565769
   -4.690000000    1.372013886    0.120869626
   -4.590000000    1.359490181    0.105151287
   -4.490000000    1.345974310    0.089405756
   -4.390000000    1.331509819    0.073627770
   -4.290000000    1.316138040    0.057811769
   -4.190000000    1.299898219    0.041951877
   -4.090000000    1.282827615    0.026041868
   -3.990000000    1.264961608    0.010075139
   -3.890000000    1.246333781   -0.005955331
   -3.790000000    1.226975999   -0.022057016
   -3.690000000    1.206918475   -0.038237895
   -3.590000000    1.186189831   -0.054506495
   -3.490000000    1.164817149   -0.070871956
   -3.390000000    1.142826010   -0.087344093
   -3.290000000    1.120240527   -0.103933475
   -3.190000000    1.097083371   -0.120651506
   -3.090000000    1.073375782   -0.137510529
   -2.990000000    1.049137575   -0.154523941
   -2.890000000    1.024387134   -0.171706323
   -2.790000000    0.999141392   -0.189073599
   -2.690000000    0.973415796   -0.206643219
   -2.590000000    0.947224267   -0.224434371
   -2.490000000    0.920579125   -0.242468246
   -2.390000000    0.893491006   -0.260768336
   -2.290000000    0.865968749   -0.279360810
   -2.190000000    0.838019247   -0.298274962
   -2.090000000    0.809647267   -0.317543759
   -1.990000000    0.780855213   -0.337204525
   -1.890000000    0.751642832   -0.357299790
   -1.790000000    0.722006838   -0.377878361
   -1.690000000    0.691940428   -0.398996698
   -1.590000000    0.661432661   -0.420720691
   -1.490000000    0.630467648   -0.443128013
   -1.390000000    0.599023481   -0.466311255
   -1.290000000    0.567070790   -0.490382229
   -1.190000000    0.534570783   -0.515477974
   -1.090000000    0.501472498   -0.541769386
   -0.990000000    0.467708875   -0.569473973
   -0.890000000    0.433190953   -0.598875434
   -0.790000000    0.397799005   -0.630354999
   -0.690000000    0.361368335   -0.664444362
   -0.590000000    0.323665290   -0.701921163
   -0.490000000    0.284343709   -0.743996671
   -0.390000000    0.242857985   -0.792729874
   -0.290000000    0.198264553   -0.852105786
   -0.190000000    0.148663210   -0.931688498
   -0.090000000    0.088873625   -1.067373660
