      0.100000      4.416358
      0.200000      5.221820
      0.300000      5.705112
      0.400000      6.050339
      0.500000      6.318869
      0.600000      6.538598
      0.700000      6.724547
      0.800000      6.885727
      0.900000      7.027972
      1.000000      7.155270
      1.100000      7.270472
      1.200000      7.375685
      1.300000      7.472510
      1.400000      7.562192
      1.500000      7.645720
      1.600000      7.723888
      1.700000      7.797350
      1.800000      7.866645
      1.900000      7.932226
      2.000000      7.994475
      2.100000      8.053719
      2.200000      8.110239
      2.300000      8.164280
      2.400000      8.216052
      2.500000      8.265744
      2.600000      8.313519
      2.700000      8.359523
      2.800000      8.403886
      2.900000      8.446725
      3.000000      8.488144
      3.100000      8.528237
      3.200000      8.567088
      3.300000      8.604777
      3.400000      8.641371
      3.500000      8.676937
      3.600000      8.711531
      3.700000      8.745210
      3.800000      8.778020
      3.900000      8.810010
      4.000000      8.841220
      4.100000      8.871689
      4.200000      8.901454
      4.300000      8.930548
      4.400000      8.959003
      4.500000      8.986848
      4.600000      9.014109
      4.700000      9.040812
      4.800000      9.066981
      4.900000      9.092638
      5.000000      9.117803
      5.100000      9.142498
      5.200000      9.166739
      5.300000      9.190544
      5.400000      9.213931
      5.500000      9.236913
      5.600000      9.259505
      5.700000      9.281723
      5.800000      9.303577
      5.900000      9.325082
      6.000000      9.346247
      6.100000      9.367085
      6.200000      9.387607
      6.300000      9.407821
      6.400000      9.427738
      6.500000      9.447366
      6.600000      9.466714
      6.700000      9.485791
      6.800000      9.504604
      6.900000      9.523160
      7.000000      9.541467
      7.100000      9.559531
      7.200000      9.577360
      7.300000      9.594958
      7.400000      9.612332
      7.500000      9.629488
      7.600000      9.646431
      7.700000      9.663166
      7.800000      9.679698
      7.900000      9.696033
      8.000000      9.712173
      8.100000      9.728125
      8.200000      9.743892
      8.300000      9.759477
      8.400000      9.774886
      8.500000      9.790121
      8.600000      9.805187
      8.700000      9.820087
      8.800000      9.834823
      8.900000      9.849400
      9.000000      9.863820
      9.100000      9.878086
      9.200000      9.892201
      9.300000      9.906168
      9.400000      9.919989
      9.500000      9.933668
      9.600000      9.947206
      9.700000      9.960606
      9.800000      9.973870
      9.900000      9.987001
     10.000000     10.000000
