    0.000000000    0.000000000
    0.189655172    0.035753843
    0.379310345    0.140451005
    0.568965517    0.306536333
    0.758620690    0.521871116
    0.948275862    0.770390115
    1.137931034    1.032976882
    1.327586207    1.288515235
    1.517241379    1.515066075
    1.706896552    1.691112285
    1.896551724    1.796810649
    2.086206897    1.815188654
    2.275862069    1.733225879
    2.465517241    1.542764221
    2.655172414    1.241198418
    2.844827586    0.831907858
    3.034482759    0.324402013
    3.224137931   -0.265835232
    3.413793103   -0.917803461
    3.603448276   -1.605732862
    3.793103448   -2.300094059
    3.982758621   -2.968831330
    4.172413793   -3.578768759
    4.362068966   -4.097129688
    4.551724138   -4.493103137
    4.741379310   -4.739387029
    4.931034483   -4.813637131
    5.120689655   -4.699752913
    5.310344828   -4.388936835
    5.500000000   -3.880471791
